0 info it worked if it ends with ok
1 verbose cli [ '/usr/local/Cellar/node/5.10.1/bin/node',
1 verbose cli   '/usr/local/bin/npm',
1 verbose cli   'install',
1 verbose cli   '—save-dev',
1 verbose cli   'chai' ]
2 info using npm@3.8.3
3 info using node@v5.10.1
4 silly loadCurrentTree Starting
5 silly install loadCurrentTree
6 silly install readLocalPackageData
7 silly fetchPackageMetaData —save-dev
8 silly fetchPackageMetaData chai@^3.5.0
9 silly fetchNamedPackageData chai
10 silly mapToRegistry name chai
11 silly mapToRegistry using default registry
12 silly mapToRegistry registry https://registry.npmjs.org/
13 silly mapToRegistry data Result {
13 silly mapToRegistry   raw: 'chai',
13 silly mapToRegistry   scope: null,
13 silly mapToRegistry   name: 'chai',
13 silly mapToRegistry   rawSpec: '',
13 silly mapToRegistry   spec: 'latest',
13 silly mapToRegistry   type: 'tag' }
14 silly mapToRegistry uri https://registry.npmjs.org/chai
15 silly fetchOtherPackageData —save-dev
16 silly cache add args [ '—save-dev', null ]
17 verbose cache add spec —save-dev
18 silly cache add parsed spec Result {
18 silly cache add   raw: '—save-dev',
18 silly cache add   scope: null,
18 silly cache add   name: null,
18 silly cache add   rawSpec: '—save-dev',
18 silly cache add   spec: '/Users/Ray/workspace/ulClass/—save-dev',
18 silly cache add   type: 'local' }
19 error addLocal Could not install /Users/Ray/workspace/ulClass/—save-dev
20 silly fetchPackageMetaData Error: ENOENT: no such file or directory, open '/Users/Ray/workspace/ulClass/—save-dev'
20 silly fetchPackageMetaData     at Error (native)
20 silly fetchPackageMetaData  error for —save-dev { [Error: ENOENT: no such file or directory, open '/Users/Ray/workspace/ulClass/—save-dev']
20 silly fetchPackageMetaData   errno: -2,
20 silly fetchPackageMetaData   code: 'ENOENT',
20 silly fetchPackageMetaData   syscall: 'open',
20 silly fetchPackageMetaData   path: '/Users/Ray/workspace/ulClass/—save-dev' }
21 verbose request uri https://registry.npmjs.org/chai
22 verbose request no auth needed
23 info attempt registry request try #1 at 10:56:45 AM
24 verbose request id 2ce94c3a4a050c01
25 verbose etag "E103SXV7LB61RF97BYB4ZVPGX"
26 http request GET https://registry.npmjs.org/chai
27 verbose stack TypeError: The header content contains invalid characters
27 verbose stack     at ClientRequest.OutgoingMessage.setHeader (_http_outgoing.js:348:11)
27 verbose stack     at new ClientRequest (_http_client.js:85:14)
27 verbose stack     at Object.exports.request (http.js:31:10)
27 verbose stack     at Object.exports.request (https.js:196:15)
27 verbose stack     at Request.start (/usr/local/lib/node_modules/npm/node_modules/request/request.js:747:30)
27 verbose stack     at Request.end (/usr/local/lib/node_modules/npm/node_modules/request/request.js:1381:10)
27 verbose stack     at end (/usr/local/lib/node_modules/npm/node_modules/request/request.js:575:14)
27 verbose stack     at Immediate._onImmediate (/usr/local/lib/node_modules/npm/node_modules/request/request.js:589:7)
27 verbose stack     at tryOnImmediate (timers.js:534:15)
27 verbose stack     at processImmediate [as _immediateCallback] (timers.js:514:5)
28 verbose cwd /Users/Ray/workspace/ulClass
29 error Darwin 15.5.0
30 error argv "/usr/local/Cellar/node/5.10.1/bin/node" "/usr/local/bin/npm" "install" "—save-dev" "chai"
31 error node v5.10.1
32 error npm  v3.8.3
33 error The header content contains invalid characters
34 error If you need help, you may report this error at:
34 error     <https://github.com/npm/npm/issues>
35 verbose exit [ 1, true ]
